<?xml version="1.0" encoding="UTF-8"?>
<!-- Generated by org.testng.reporters.JUnitXMLReporter -->
<testsuite hostname="9932941Canada2" name="Test" tests="4" failures="2" timestamp="13 Jun 2018 17:33:27 GMT" time="96.525" errors="0">
  <testcase name="createOrder_forMultipleItems_createdSuccessfully" time="39.504" classname="tests.ShoppingCartTests"/>
  <testcase name="createOrder_forOneMagicMouse_createdSuccessfully" time="9.846" classname="tests.ShoppingCartTests">
    <failure type="java.lang.AssertionError" message="Expected the number of items in the cart to be 1 but found 0 expected [1] but found [0]">
      <![CDATA[java.lang.AssertionError: Expected the number of items in the cart to be 1 but found 0 expected [1] but found [0]
	at tests.ShoppingCartTests.createOrder_forOneMagicMouse_createdSuccessfully(ShoppingCartTests.java:36)
	at org.apache.maven.surefire.testng.TestNGExecutor.run(TestNGExecutor.java:283)
	at org.apache.maven.surefire.testng.TestNGXmlTestSuite.execute(TestNGXmlTestSuite.java:75)
	at org.apache.maven.surefire.testng.TestNGProvider.invoke(TestNGProvider.java:120)
	at org.apache.maven.surefire.booter.ForkedBooter.invokeProviderInSameClassLoader(ForkedBooter.java:379)
	at org.apache.maven.surefire.booter.ForkedBooter.runSuitesInProcess(ForkedBooter.java:340)
	at org.apache.maven.surefire.booter.ForkedBooter.execute(ForkedBooter.java:125)
	at org.apache.maven.surefire.booter.ForkedBooter.main(ForkedBooter.java:413)
... Removed 25 stack frames]]>
    </failure>
  </testcase> <!-- createOrder_forOneMagicMouse_createdSuccessfully -->
  <testcase name="removeAnItem_ffromCheckoutPage_removedSuccessfully" time="23.587" classname="tests.ShoppingCartTests">
    <failure type="java.lang.AssertionError" message="Expected only 1 item to be displayed in the cart but 2 items were displayed expected [2] but found [1]">
      <![CDATA[java.lang.AssertionError: Expected only 1 item to be displayed in the cart but 2 items were displayed expected [2] but found [1]
	at tests.ShoppingCartTests.removeAnItem_ffromCheckoutPage_removedSuccessfully(ShoppingCartTests.java:109)
	at org.apache.maven.surefire.testng.TestNGExecutor.run(TestNGExecutor.java:283)
	at org.apache.maven.surefire.testng.TestNGXmlTestSuite.execute(TestNGXmlTestSuite.java:75)
	at org.apache.maven.surefire.testng.TestNGProvider.invoke(TestNGProvider.java:120)
	at org.apache.maven.surefire.booter.ForkedBooter.invokeProviderInSameClassLoader(ForkedBooter.java:379)
	at org.apache.maven.surefire.booter.ForkedBooter.runSuitesInProcess(ForkedBooter.java:340)
	at org.apache.maven.surefire.booter.ForkedBooter.execute(ForkedBooter.java:125)
	at org.apache.maven.surefire.booter.ForkedBooter.main(ForkedBooter.java:413)
... Removed 25 stack frames]]>
    </failure>
  </testcase> <!-- removeAnItem_ffromCheckoutPage_removedSuccessfully -->
  <testcase name="updateQuantity_fromCheckoutPage_updatedSuccessfully" time="22.032" classname="tests.ShoppingCartTests"/>
</testsuite> <!-- Test -->
